#
# There is insufficient memory for the Java Runtime Environment to continue.
# Native memory allocation (malloc) failed to allocate 1048576 bytes for AllocateHeap
# Possible reasons:
#   The system is out of physical RAM or swap space
#   The process is running with CompressedOops enabled, and the Java Heap may be blocking the growth of the native heap
# Possible solutions:
#   Reduce memory load on the system
#   Increase physical memory or swap space
#   Check if swap backing store is full
#   Decrease Java heap size (-Xmx/-Xms)
#   Decrease number of Java threads
#   Decrease Java thread stack sizes (-Xss)
#   Set larger code cache with -XX:ReservedCodeCacheSize=
#   JVM is running with Zero Based Compressed Oops mode in which the Java heap is
#     placed in the first 32GB address space. The Java Heap base address is the
#     maximum limit for the native heap growth. Please use -XX:HeapBaseMinAddress
#     to set the Java Heap base and to place the Java Heap above 32GB virtual address.
# This output file may be truncated or incomplete.
#
#  Out of Memory Error (allocation.cpp:44), pid=18892, tid=13888
#
# JRE version: OpenJDK Runtime Environment Temurin-17.0.3+7 (17.0.3+7) (build 17.0.3+7)
# Java VM: OpenJDK 64-Bit Server VM Temurin-17.0.3+7 (17.0.3+7, mixed mode, emulated-client, tiered, compressed oops, compressed class ptrs, g1 gc, windows-amd64)
# No core dump will be written. Minidumps are not enabled by default on client versions of Windows
#

---------------  S U M M A R Y ------------

Command Line: -Dsts.lsp.client=vscode -Dsts.log.file=/dev/null -XX:TieredStopAtLevel=1 -Dspring.config.location=file:c:\Users\Yuvakishore Veera\.vscode\extensions\pivotal.vscode-spring-boot-1.38.0\language-server\BOOT-INF\classes\application.properties org.springframework.ide.vscode.boot.app.BootLanguageServerBootApp

Host: 11th Gen Intel(R) Core(TM) i5-11300H @ 3.10GHz, 8 cores, 15G,  Windows 10 , 64 bit Build 19041 (10.0.19041.1889)
Time: Sun Aug 14 07:55:07 2022 India Standard Time elapsed time: 2592.642795 seconds (0d 0h 43m 12s)

---------------  T H R E A D  ---------------

Current thread (0x0000023a2f016420):  VMThread "VM Thread" [stack: 0x0000008042500000,0x0000008042600000] [id=13888]

Stack: [0x0000008042500000,0x0000008042600000]
Native frames: (J=compiled Java code, j=interpreted, Vv=VM code, C=native code)
V  [jvm.dll+0x675efa]
V  [jvm.dll+0x830a24]
V  [jvm.dll+0x8321ce]
V  [jvm.dll+0x832833]
V  [jvm.dll+0x2454b5]
V  [jvm.dll+0xa6393]
V  [jvm.dll+0x2f55c3]
V  [jvm.dll+0x2f12d0]
V  [jvm.dll+0x2d99b7]
V  [jvm.dll+0x31cac7]
V  [jvm.dll+0x836cdb]
V  [jvm.dll+0x837a14]
V  [jvm.dll+0x837f2c]
V  [jvm.dll+0x838304]
V  [jvm.dll+0x8383d0]
V  [jvm.dll+0x7e0cfa]
V  [jvm.dll+0x674d85]
C  [ucrtbase.dll+0x21bb2]
C  [KERNEL32.DLL+0x17034]
C  [ntdll.dll+0x52651]

VM_Operation (0x00000080449fec20): G1CollectFull, mode: safepoint, requested by thread 0x0000023a311379d0


---------------  P R O C E S S  ---------------

Threads class SMR info:
_java_thread_list=0x0000023a317314c0, length=16, elements={
0x0000023a2f02d740, 0x0000023a2f02e0f0, 0x0000023a2f06a130, 0x0000023a2f06fa10,
0x0000023a2f0702d0, 0x0000023a2f072fa0, 0x0000023a2f073910, 0x0000023a2f0a22c0,
0x0000023a2f283030, 0x0000023a2f289980, 0x0000023a311379d0, 0x0000023a31136b60,
0x0000023a31137ea0, 0x0000023a311361c0, 0x0000023a31138370, 0x0000023a32e2f8d0
}

Java Threads: ( => current thread )
  0x0000023a2f02d740 JavaThread "Reference Handler" daemon [_thread_blocked, id=20096, stack(0x0000008042600000,0x0000008042700000)]
  0x0000023a2f02e0f0 JavaThread "Finalizer" daemon [_thread_blocked, id=15512, stack(0x0000008042700000,0x0000008042800000)]
  0x0000023a2f06a130 JavaThread "Signal Dispatcher" daemon [_thread_blocked, id=18732, stack(0x0000008042800000,0x0000008042900000)]
  0x0000023a2f06fa10 JavaThread "Attach Listener" daemon [_thread_blocked, id=1868, stack(0x0000008042900000,0x0000008042a00000)]
  0x0000023a2f0702d0 JavaThread "Service Thread" daemon [_thread_blocked, id=20896, stack(0x0000008042a00000,0x0000008042b00000)]
  0x0000023a2f072fa0 JavaThread "Monitor Deflation Thread" daemon [_thread_blocked, id=23864, stack(0x0000008042b00000,0x0000008042c00000)]
  0x0000023a2f073910 JavaThread "C1 CompilerThread0" daemon [_thread_blocked, id=3104, stack(0x0000008042c00000,0x0000008042d00000)]
  0x0000023a2f0a22c0 JavaThread "Sweeper thread" daemon [_thread_blocked, id=24008, stack(0x0000008042d00000,0x0000008042e00000)]
  0x0000023a2f283030 JavaThread "Notification Thread" daemon [_thread_blocked, id=24732, stack(0x0000008042f00000,0x0000008043000000)]
  0x0000023a2f289980 JavaThread "Common-Cleaner" daemon [_thread_blocked, id=11240, stack(0x0000008043100000,0x0000008043200000)]
  0x0000023a311379d0 JavaThread "pool-7-thread-1" [_thread_blocked, id=14672, stack(0x0000008044900000,0x0000008044a00000)]
  0x0000023a31136b60 JavaThread "LanguageServerApp-lifecycle" [_thread_blocked, id=12644, stack(0x0000008044a00000,0x0000008044b00000)]
  0x0000023a31137ea0 JavaThread "DestroyJavaVM" [_thread_blocked, id=9700, stack(0x0000008041f00000,0x0000008042000000)]
  0x0000023a311361c0 JavaThread "pool-8-thread-1" [_thread_in_native, id=12956, stack(0x0000008044b00000,0x0000008044c00000)]
  0x0000023a31138370 JavaThread "Simple-Language-Server main thread" daemon [_thread_blocked, id=2568, stack(0x0000008045000000,0x0000008045100000)]
  0x0000023a32e2f8d0 JavaThread "parallel-1" daemon [_thread_blocked, id=9032, stack(0x0000008045100000,0x0000008045200000)]

Other Threads:
=>0x0000023a2f016420 VMThread "VM Thread" [stack: 0x0000008042500000,0x0000008042600000] [id=13888]
  0x0000023a2f283500 WatcherThread [stack: 0x0000008043000000,0x0000008043100000] [id=24668]
  0x0000023a1ca15250 GCTaskThread "GC Thread#0" [stack: 0x0000008042000000,0x0000008042100000] [id=632]
  0x0000023a2fb443f0 GCTaskThread "GC Thread#1" [stack: 0x0000008043200000,0x0000008043300000] [id=3780]
  0x0000023a2fb446a0 GCTaskThread "GC Thread#2" [stack: 0x0000008043300000,0x0000008043400000] [id=23788]
  0x0000023a2fb44950 GCTaskThread "GC Thread#3" [stack: 0x0000008043400000,0x0000008043500000] [id=10132]
  0x0000023a2f22eeb0 GCTaskThread "GC Thread#4" [stack: 0x0000008043500000,0x0000008043600000] [id=21680]
  0x0000023a2f22f160 GCTaskThread "GC Thread#5" [stack: 0x0000008043600000,0x0000008043700000] [id=25728]
  0x0000023a30906030 GCTaskThread "GC Thread#6" [stack: 0x0000008043800000,0x0000008043900000] [id=25740]
  0x0000023a3093f070 GCTaskThread "GC Thread#7" [stack: 0x0000008043900000,0x0000008043a00000] [id=24480]
  0x0000023a1ca26ca0 ConcurrentGCThread "G1 Main Marker" [stack: 0x0000008042100000,0x0000008042200000] [id=3968]
  0x0000023a1ca275b0 ConcurrentGCThread "G1 Conc#0" [stack: 0x0000008042200000,0x0000008042300000] [id=8268]
  0x0000023a3091f0a0 ConcurrentGCThread "G1 Conc#1" [stack: 0x0000008043a00000,0x0000008043b00000] [id=18268]
  0x0000023a2e6834e0 ConcurrentGCThread "G1 Refine#0" [stack: 0x0000008042300000,0x0000008042400000] [id=17796]
  0x0000023a32d99360 ConcurrentGCThread "G1 Refine#1" [stack: 0x0000008044c00000,0x0000008044d00000] [id=17368]
  0x0000023a32d99640 ConcurrentGCThread "G1 Refine#2" [stack: 0x0000008044d00000,0x0000008044e00000] [id=22872]
  0x0000023a32d99920 ConcurrentGCThread "G1 Refine#3" [stack: 0x0000008044e00000,0x0000008044f00000] [id=24952]
  0x0000023a316c62f0 ConcurrentGCThread "G1 Refine#4" [stack: 0x0000008044f00000,0x0000008045000000] [id=25132]
  0x0000023a32e308a0 ConcurrentGCThread "G1 Refine#5" [stack: 0x0000008045300000,0x0000008045400000] [id=10504]
  0x0000023a2e683e00 ConcurrentGCThread "G1 Service" [stack: 0x0000008042400000,0x0000008042500000] [id=14388]

Threads with active compile tasks:
C1 CompilerThread0  2592774 5558       1       java.io.BufferedInputStream::close (44 bytes)

VM state: at safepoint (normal execution)

VM Mutex/Monitor currently owned by a thread:  ([mutex/lock_event])
[0x0000023a1a817a20] Threads_lock - owner thread: 0x0000023a2f016420
[0x0000023a1c9a9630] Heap_lock - owner thread: 0x0000023a311379d0

Heap address: 0x0000000704000000, size: 4032 MB, Compressed Oops mode: Zero based, Oop shift amount: 3

CDS archive(s) not mapped
Compressed class space mapped at: 0x0000000800000000-0x0000000840000000, reserved size: 1073741824
Narrow klass base: 0x0000000800000000, Narrow klass shift: 0, Narrow klass range: 0x40000000

GC Precious Log:
 CPUs: 8 total, 8 available
 Memory: 16122M
 Large Page Support: Disabled
 NUMA Support: Disabled
 Compressed Oops: Enabled (Zero based)
 Heap Region Size: 2M
 Heap Min Capacity: 8M
 Heap Initial Capacity: 252M
 Heap Max Capacity: 4032M
 Pre-touch: Disabled
 Parallel Workers: 8
 Concurrent Workers: 2
 Concurrent Refinement Workers: 8
 Periodic GC: Disabled

Heap:
 garbage-first heap   total 81920K, used 23129K [0x0000000704000000, 0x0000000800000000)
  region size 2048K, 1 young (2048K), 0 survivors (0K)
 Metaspace       used 41375K, committed 41856K, reserved 1089536K
  class space    used 5762K, committed 5952K, reserved 1048576K

Heap Regions: E=young(eden), S=young(survivor), O=old, HS=humongous(starts), HC=humongous(continues), CS=collection set, F=free, OA=open archive, CA=closed archive, TAMS=top-at-mark-start (previous, next)
|   0|0x0000000704000000, 0x0000000704200000, 0x0000000704200000|100%| O|  |TAMS 0x0000000704200000, 0x0000000704000000| Untracked 
|   1|0x0000000704200000, 0x0000000704400000, 0x0000000704400000|100%| O|  |TAMS 0x0000000704400000, 0x0000000704200000| Untracked 
|   2|0x0000000704400000, 0x0000000704600000, 0x0000000704600000|100%| O|  |TAMS 0x0000000704600000, 0x0000000704400000| Untracked 
|   3|0x0000000704600000, 0x00000007047ffff8, 0x0000000704800000| 99%| O|  |TAMS 0x00000007047ffff8, 0x0000000704600000| Untracked 
|   4|0x0000000704800000, 0x00000007049fffc8, 0x0000000704a00000| 99%| O|  |TAMS 0x00000007049fffc8, 0x0000000704800000| Untracked 
|   5|0x0000000704a00000, 0x0000000704bfffe0, 0x0000000704c00000| 99%| O|  |TAMS 0x0000000704bfffe0, 0x0000000704a00000| Untracked 
|   6|0x0000000704c00000, 0x0000000704dfffb0, 0x0000000704e00000| 99%| O|  |TAMS 0x0000000704dfffb0, 0x0000000704c00000| Untracked 
|   7|0x0000000704e00000, 0x0000000704fffff8, 0x0000000705000000| 99%| O|  |TAMS 0x0000000704fffff8, 0x0000000704e00000| Untracked 
|   8|0x0000000705000000, 0x0000000705096578, 0x0000000705200000| 29%| O|  |TAMS 0x0000000705000000, 0x0000000705000000| Untracked 
|   9|0x0000000705200000, 0x0000000705400000, 0x0000000705400000|100%| O|  |TAMS 0x0000000705400000, 0x0000000705200000| Untracked 
|  10|0x0000000705400000, 0x00000007055ffff8, 0x0000000705600000| 99%| O|  |TAMS 0x00000007055ffff8, 0x0000000705400000| Untracked 
|  11|0x0000000705600000, 0x0000000705600000, 0x0000000705800000|  0%| F|  |TAMS 0x0000000705600000, 0x0000000705600000| Untracked 
|  12|0x0000000705800000, 0x0000000705800000, 0x0000000705a00000|  0%| F|  |TAMS 0x0000000705800000, 0x0000000705800000| Untracked 
|  13|0x0000000705a00000, 0x0000000705bffff8, 0x0000000705c00000| 99%| O|  |TAMS 0x0000000705bffff8, 0x0000000705a00000| Untracked 
|  14|0x0000000705c00000, 0x0000000705c00000, 0x0000000705e00000|  0%| F|  |TAMS 0x0000000705c00000, 0x0000000705c00000| Untracked 
|  15|0x0000000705e00000, 0x0000000705e00000, 0x0000000706000000|  0%| F|  |TAMS 0x0000000705e00000, 0x0000000705e00000| Untracked 
|  16|0x0000000706000000, 0x0000000706000000, 0x0000000706200000|  0%| F|  |TAMS 0x0000000706000000, 0x0000000706000000| Untracked 
|  17|0x0000000706200000, 0x0000000706200000, 0x0000000706400000|  0%| F|  |TAMS 0x0000000706200000, 0x0000000706200000| Untracked 
|  18|0x0000000706400000, 0x0000000706400000, 0x0000000706600000|  0%| F|  |TAMS 0x0000000706400000, 0x0000000706400000| Untracked 
|  19|0x0000000706600000, 0x0000000706600000, 0x0000000706800000|  0%| F|  |TAMS 0x0000000706600000, 0x0000000706600000| Untracked 
|  20|0x0000000706800000, 0x0000000706800000, 0x0000000706a00000|  0%| F|  |TAMS 0x0000000706800000, 0x0000000706800000| Untracked 
|  21|0x0000000706a00000, 0x0000000706a00000, 0x0000000706c00000|  0%| F|  |TAMS 0x0000000706a00000, 0x0000000706a00000| Untracked 
|  22|0x0000000706c00000, 0x0000000706c00000, 0x0000000706e00000|  0%| F|  |TAMS 0x0000000706c00000, 0x0000000706c00000| Untracked 
|  23|0x0000000706e00000, 0x0000000706e00000, 0x0000000707000000|  0%| F|  |TAMS 0x0000000706e00000, 0x0000000706e00000| Untracked 
|  24|0x0000000707000000, 0x0000000707000000, 0x0000000707200000|  0%| F|  |TAMS 0x0000000707000000, 0x0000000707000000| Untracked 
|  25|0x0000000707200000, 0x0000000707200000, 0x0000000707400000|  0%| F|  |TAMS 0x0000000707200000, 0x0000000707200000| Untracked 
|  26|0x0000000707400000, 0x0000000707400000, 0x0000000707600000|  0%| F|  |TAMS 0x0000000707400000, 0x0000000707400000| Untracked 
|  27|0x0000000707600000, 0x0000000707600000, 0x0000000707800000|  0%| F|  |TAMS 0x0000000707600000, 0x0000000707600000| Untracked 
|  28|0x0000000707800000, 0x0000000707800000, 0x0000000707a00000|  0%| F|  |TAMS 0x0000000707800000, 0x0000000707800000| Untracked 
|  29|0x0000000707a00000, 0x0000000707a00000, 0x0000000707c00000|  0%| F|  |TAMS 0x0000000707a00000, 0x0000000707a00000| Untracked 
|  30|0x0000000707c00000, 0x0000000707c00000, 0x0000000707e00000|  0%| F|  |TAMS 0x0000000707c00000, 0x0000000707c00000| Untracked 
|  31|0x0000000707e00000, 0x0000000707e00000, 0x0000000708000000|  0%| F|  |TAMS 0x0000000707e00000, 0x0000000707e00000| Untracked 
|  32|0x0000000708000000, 0x0000000708000000, 0x0000000708200000|  0%| F|  |TAMS 0x0000000708000000, 0x0000000708000000| Untracked 
|  33|0x0000000708200000, 0x0000000708200000, 0x0000000708400000|  0%| F|  |TAMS 0x0000000708200000, 0x0000000708200000| Untracked 
|  34|0x0000000708400000, 0x0000000708400000, 0x0000000708600000|  0%| F|  |TAMS 0x0000000708400000, 0x0000000708400000| Untracked 
|  35|0x0000000708600000, 0x0000000708600000, 0x0000000708800000|  0%| F|  |TAMS 0x0000000708600000, 0x0000000708600000| Untracked 
|  36|0x0000000708800000, 0x0000000708800000, 0x0000000708a00000|  0%| F|  |TAMS 0x0000000708800000, 0x0000000708800000| Untracked 
|  37|0x0000000708a00000, 0x0000000708a00000, 0x0000000708c00000|  0%| F|  |TAMS 0x0000000708a00000, 0x0000000708a00000| Untracked 
|  38|0x0000000708c00000, 0x0000000708c00000, 0x0000000708e00000|  0%| F|  |TAMS 0x0000000708c00000, 0x0000000708c00000| Untracked 
|  39|0x0000000708e00000, 0x0000000708e0c910, 0x0000000709000000|  2%| E|  |TAMS 0x0000000708e00000, 0x0000000708e00000| Complete 

Card table byte_map: [0x0000023a22f30000,0x0000023a23710000] _byte_map_base: 0x0000023a1f710000

Marking Bits (Prev, Next): (CMBitMap*) 0x0000023a1ca167b0, (CMBitMap*) 0x0000023a1ca16770
 Prev Bits: [0x0000023a27df0000, 0x0000023a2bcf0000)
 Next Bits: [0x0000023a23ef0000, 0x0000023a27df0000)

Polling page: 0x0000023a1c180000

Metaspace:

Usage:
  Non-class:     34.78 MB used.
      Class:      5.63 MB used.
       Both:     40.41 MB used.

Virtual space:
  Non-class space:       40.00 MB reserved,      35.06 MB ( 88%) committed,  5 nodes.
      Class space:        1.00 GB reserved,       5.81 MB ( <1%) committed,  1 nodes.
             Both:        1.04 GB reserved,      40.88 MB (  4%) committed. 

Chunk freelists:
   Non-Class:  913.00 KB
       Class:  2.14 MB
        Both:  3.04 MB

MaxMetaspaceSize: unlimited
CompressedClassSpaceSize: 1.00 GB
Initial GC threshold: 21.00 MB
Current GC threshold: 68.12 MB
CDS: off
MetaspaceReclaimPolicy: balanced
 - commit_granule_bytes: 65536.
 - commit_granule_words: 8192.
 - virtual_space_node_default_size: 1048576.
 - enlarge_chunks_in_place: 1.
 - new_chunks_are_fully_committed: 0.
 - uncommit_free_chunks: 1.
 - use_allocation_guard: 0.
 - handle_deallocations: 1.


Internal statistics:

num_allocs_failed_limit: 9.
num_arena_births: 384.
num_arena_deaths: 102.
num_vsnodes_births: 6.
num_vsnodes_deaths: 0.
num_space_committed: 654.
num_space_uncommitted: 0.
num_chunks_returned_to_freelist: 122.
num_chunks_taken_from_freelist: 1602.
num_chunk_merges: 46.
num_chunk_splits: 1141.
num_chunks_enlarged: 905.
num_purges: 6.
num_inconsistent_stats: 0.

CodeCache: size=49152Kb used=10592Kb max_used=11617Kb free=38559Kb
 bounds [0x0000023a1f630000, 0x0000023a20190000, 0x0000023a22630000]
 total_blobs=6102 nmethods=5550 adapters=478
 compilation: enabled
              stopped_count=0, restarted_count=0
 full_count=0

Compilation events (20 events):
Event: 2249.932 Thread 0x0000023a2f073910 nmethod 5548 0x0000023a1fe8e010 code [0x0000023a1fe8e220, 0x0000023a1fe8e818]
Event: 2249.932 Thread 0x0000023a2f073910 5549       1       java.lang.ProcessBuilder::<init> (56 bytes)
Event: 2249.939 Thread 0x0000023a2f073910 nmethod 5549 0x0000023a1fe8db10 code [0x0000023a1fe8dcc0, 0x0000023a1fe8def8]
Event: 2292.455 Thread 0x0000023a2f073910 5550  s    1       java.io.BufferedOutputStream::flush (12 bytes)
Event: 2292.585 Thread 0x0000023a2f073910 nmethod 5550 0x0000023a1fe8d690 code [0x0000023a1fe8d840, 0x0000023a1fe8da38]
Event: 2355.085 Thread 0x0000023a2f073910 5551       1       java.util.Properties::getProperty (16 bytes)
Event: 2355.094 Thread 0x0000023a2f073910 nmethod 5551 0x0000023a1fe8d390 code [0x0000023a1fe8d520, 0x0000023a1fe8d628]
Event: 2417.409 Thread 0x0000023a2f073910 5552       1       java.util.concurrent.locks.AbstractQueuedSynchronizer$ConditionObject::unlinkCancelledWaiters (91 bytes)
Event: 2417.412 Thread 0x0000023a2f073910 nmethod 5552 0x0000023a1fe8ce10 code [0x0000023a1fe8cfc0, 0x0000023a1fe8d298]
Event: 2427.732 Thread 0x0000023a2f073910 5553       1       java.util.StringTokenizer::<init> (52 bytes)
Event: 2427.734 Thread 0x0000023a2f073910 nmethod 5553 0x0000023a1fe8c990 code [0x0000023a1fe8cb40, 0x0000023a1fe8cd28]
Event: 2489.614 Thread 0x0000023a2f073910 5554       1       java.lang.ProcessImpl::createCommandLine (210 bytes)
Event: 2489.624 Thread 0x0000023a2f073910 nmethod 5554 0x0000023a1fe8b890 code [0x0000023a1fe8bb20, 0x0000023a1fe8c2d8]
Event: 2561.621 Thread 0x0000023a2f073910 5555       1       java.io.BufferedInputStream::<init> (9 bytes)
Event: 2561.625 Thread 0x0000023a2f073910 nmethod 5555 0x0000023a1fe8b310 code [0x0000023a1fe8b4c0, 0x0000023a1fe8b7c8]
Event: 2561.625 Thread 0x0000023a2f073910 5556       1       java.io.BufferedInputStream::<init> (32 bytes)
Event: 2561.626 Thread 0x0000023a2f073910 nmethod 5556 0x0000023a1fe8ad90 code [0x0000023a1fe8af40, 0x0000023a1fe8b228]
Event: 2572.010 Thread 0x0000023a2f073910 5557       1       java.lang.System::getProperty (26 bytes)
Event: 2572.015 Thread 0x0000023a2f073910 nmethod 5557 0x0000023a1fe8a710 code [0x0000023a1fe8a8e0, 0x0000023a1fe8ab98]
Event: 2592.607 Thread 0x0000023a2f073910 5558       1       java.io.BufferedInputStream::close (44 bytes)

GC Heap History (20 events):
Event: 2469.413 GC heap before
{Heap before GC invocations=256 (full 225):
 garbage-first heap   total 81920K, used 23128K [0x0000000704000000, 0x0000000800000000)
  region size 2048K, 1 young (2048K), 0 survivors (0K)
 Metaspace       used 41375K, committed 41856K, reserved 1089536K
  class space    used 5762K, committed 5952K, reserved 1048576K
}
Event: 2469.509 GC heap after
{Heap after GC invocations=257 (full 226):
 garbage-first heap   total 81920K, used 23128K [0x0000000704000000, 0x0000000800000000)
  region size 2048K, 0 young (0K), 0 survivors (0K)
 Metaspace       used 41375K, committed 41856K, reserved 1089536K
  class space    used 5762K, committed 5952K, reserved 1048576K
}
Event: 2489.789 GC heap before
{Heap before GC invocations=257 (full 226):
 garbage-first heap   total 81920K, used 23128K [0x0000000704000000, 0x0000000800000000)
  region size 2048K, 1 young (2048K), 0 survivors (0K)
 Metaspace       used 41375K, committed 41856K, reserved 1089536K
  class space    used 5762K, committed 5952K, reserved 1048576K
}
Event: 2489.876 GC heap after
{Heap after GC invocations=258 (full 227):
 garbage-first heap   total 81920K, used 23129K [0x0000000704000000, 0x0000000800000000)
  region size 2048K, 0 young (0K), 0 survivors (0K)
 Metaspace       used 41375K, committed 41856K, reserved 1089536K
  class space    used 5762K, committed 5952K, reserved 1048576K
}
Event: 2500.045 GC heap before
{Heap before GC invocations=258 (full 227):
 garbage-first heap   total 81920K, used 23129K [0x0000000704000000, 0x0000000800000000)
  region size 2048K, 1 young (2048K), 0 survivors (0K)
 Metaspace       used 41375K, committed 41856K, reserved 1089536K
  class space    used 5762K, committed 5952K, reserved 1048576K
}
Event: 2500.118 GC heap after
{Heap after GC invocations=259 (full 228):
 garbage-first heap   total 81920K, used 23129K [0x0000000704000000, 0x0000000800000000)
  region size 2048K, 0 young (0K), 0 survivors (0K)
 Metaspace       used 41375K, committed 41856K, reserved 1089536K
  class space    used 5762K, committed 5952K, reserved 1048576K
}
Event: 2510.316 GC heap before
{Heap before GC invocations=259 (full 228):
 garbage-first heap   total 81920K, used 23129K [0x0000000704000000, 0x0000000800000000)
  region size 2048K, 1 young (2048K), 0 survivors (0K)
 Metaspace       used 41375K, committed 41856K, reserved 1089536K
  class space    used 5762K, committed 5952K, reserved 1048576K
}
Event: 2510.387 GC heap after
{Heap after GC invocations=260 (full 229):
 garbage-first heap   total 81920K, used 23129K [0x0000000704000000, 0x0000000800000000)
  region size 2048K, 0 young (0K), 0 survivors (0K)
 Metaspace       used 41375K, committed 41856K, reserved 1089536K
  class space    used 5762K, committed 5952K, reserved 1048576K
}
Event: 2520.603 GC heap before
{Heap before GC invocations=260 (full 229):
 garbage-first heap   total 81920K, used 23129K [0x0000000704000000, 0x0000000800000000)
  region size 2048K, 1 young (2048K), 0 survivors (0K)
 Metaspace       used 41375K, committed 41856K, reserved 1089536K
  class space    used 5762K, committed 5952K, reserved 1048576K
}
Event: 2520.676 GC heap after
{Heap after GC invocations=261 (full 230):
 garbage-first heap   total 81920K, used 23129K [0x0000000704000000, 0x0000000800000000)
  region size 2048K, 0 young (0K), 0 survivors (0K)
 Metaspace       used 41375K, committed 41856K, reserved 1089536K
  class space    used 5762K, committed 5952K, reserved 1048576K
}
Event: 2530.900 GC heap before
{Heap before GC invocations=261 (full 230):
 garbage-first heap   total 81920K, used 23129K [0x0000000704000000, 0x0000000800000000)
  region size 2048K, 1 young (2048K), 0 survivors (0K)
 Metaspace       used 41375K, committed 41856K, reserved 1089536K
  class space    used 5762K, committed 5952K, reserved 1048576K
}
Event: 2530.993 GC heap after
{Heap after GC invocations=262 (full 231):
 garbage-first heap   total 81920K, used 23129K [0x0000000704000000, 0x0000000800000000)
  region size 2048K, 0 young (0K), 0 survivors (0K)
 Metaspace       used 41375K, committed 41856K, reserved 1089536K
  class space    used 5762K, committed 5952K, reserved 1048576K
}
Event: 2541.194 GC heap before
{Heap before GC invocations=262 (full 231):
 garbage-first heap   total 81920K, used 23129K [0x0000000704000000, 0x0000000800000000)
  region size 2048K, 1 young (2048K), 0 survivors (0K)
 Metaspace       used 41375K, committed 41856K, reserved 1089536K
  class space    used 5762K, committed 5952K, reserved 1048576K
}
Event: 2541.276 GC heap after
{Heap after GC invocations=263 (full 232):
 garbage-first heap   total 81920K, used 23129K [0x0000000704000000, 0x0000000800000000)
  region size 2048K, 0 young (0K), 0 survivors (0K)
 Metaspace       used 41375K, committed 41856K, reserved 1089536K
  class space    used 5762K, committed 5952K, reserved 1048576K
}
Event: 2551.499 GC heap before
{Heap before GC invocations=263 (full 232):
 garbage-first heap   total 81920K, used 23129K [0x0000000704000000, 0x0000000800000000)
  region size 2048K, 1 young (2048K), 0 survivors (0K)
 Metaspace       used 41375K, committed 41856K, reserved 1089536K
  class space    used 5762K, committed 5952K, reserved 1048576K
}
Event: 2551.586 GC heap after
{Heap after GC invocations=264 (full 233):
 garbage-first heap   total 81920K, used 23129K [0x0000000704000000, 0x0000000800000000)
  region size 2048K, 0 young (0K), 0 survivors (0K)
 Metaspace       used 41375K, committed 41856K, reserved 1089536K
  class space    used 5762K, committed 5952K, reserved 1048576K
}
Event: 2561.895 GC heap before
{Heap before GC invocations=264 (full 233):
 garbage-first heap   total 81920K, used 23129K [0x0000000704000000, 0x0000000800000000)
  region size 2048K, 1 young (2048K), 0 survivors (0K)
 Metaspace       used 41375K, committed 41856K, reserved 1089536K
  class space    used 5762K, committed 5952K, reserved 1048576K
}
Event: 2562.004 GC heap after
{Heap after GC invocations=265 (full 234):
 garbage-first heap   total 81920K, used 23129K [0x0000000704000000, 0x0000000800000000)
  region size 2048K, 0 young (0K), 0 survivors (0K)
 Metaspace       used 41375K, committed 41856K, reserved 1089536K
  class space    used 5762K, committed 5952K, reserved 1048576K
}
Event: 2572.220 GC heap before
{Heap before GC invocations=265 (full 234):
 garbage-first heap   total 81920K, used 23129K [0x0000000704000000, 0x0000000800000000)
  region size 2048K, 1 young (2048K), 0 survivors (0K)
 Metaspace       used 41375K, committed 41856K, reserved 1089536K
  class space    used 5762K, committed 5952K, reserved 1048576K
}
Event: 2572.316 GC heap after
{Heap after GC invocations=266 (full 235):
 garbage-first heap   total 81920K, used 23129K [0x0000000704000000, 0x0000000800000000)
  region size 2048K, 0 young (0K), 0 survivors (0K)
 Metaspace       used 41375K, committed 41856K, reserved 1089536K
  class space    used 5762K, committed 5952K, reserved 1048576K
}

Deoptimization events (20 events):
Event: 47.308 Thread 0x0000023a1a8eb7b0 DEOPT PACKING pc=0x0000023a1fbbccf9 sp=0x0000008041ffca40
Event: 47.308 Thread 0x0000023a1a8eb7b0 DEOPT UNPACKING pc=0x0000023a1f686763 sp=0x0000008041ffbf20 mode 3
Event: 47.328 Thread 0x0000023a2f9b2050 DEOPT PACKING pc=0x0000023a1fbfa413 sp=0x00000080437fea60
Event: 47.328 Thread 0x0000023a2f9b2050 DEOPT UNPACKING pc=0x0000023a1f686763 sp=0x00000080437fdfa8 mode 3
Event: 48.178 Thread 0x0000023a311391e0 DEOPT PACKING pc=0x0000023a1fa57709 sp=0x00000080443fefe0
Event: 48.178 Thread 0x0000023a311391e0 DEOPT UNPACKING pc=0x0000023a1f686763 sp=0x00000080443fe470 mode 3
Event: 49.510 Thread 0x0000023a31138370 DEOPT PACKING pc=0x0000023a1fda0e6d sp=0x00000080450fd820
Event: 49.510 Thread 0x0000023a31138370 DEOPT UNPACKING pc=0x0000023a1f686763 sp=0x00000080450fcd38 mode 3
Event: 50.048 Thread 0x0000023a310111a0 DEOPT PACKING pc=0x0000023a1fa51f9f sp=0x0000008043ffeea0
Event: 50.048 Thread 0x0000023a310111a0 DEOPT UNPACKING pc=0x0000023a1f686763 sp=0x0000008043ffe2f8 mode 3
Event: 76.784 Thread 0x0000023a2f9b2050 DEOPT PACKING pc=0x0000023a1fa35562 sp=0x00000080437fda00
Event: 76.784 Thread 0x0000023a2f9b2050 DEOPT UNPACKING pc=0x0000023a1f686763 sp=0x00000080437fcf08 mode 3
Event: 77.980 Thread 0x0000023a2f9b2050 DEOPT PACKING pc=0x0000023a2014473c sp=0x00000080437fe270
Event: 77.980 Thread 0x0000023a2f9b2050 DEOPT UNPACKING pc=0x0000023a1f686763 sp=0x00000080437fd768 mode 0
Event: 77.980 Thread 0x0000023a2f9b2050 DEOPT PACKING pc=0x0000023a2015c434 sp=0x00000080437fe340
Event: 77.980 Thread 0x0000023a2f9b2050 DEOPT UNPACKING pc=0x0000023a1f686763 sp=0x00000080437fd818 mode 0
Event: 77.980 Thread 0x0000023a2f9b2050 DEOPT PACKING pc=0x0000023a200699fc sp=0x00000080437fe3f0
Event: 77.980 Thread 0x0000023a2f9b2050 DEOPT UNPACKING pc=0x0000023a1f686763 sp=0x00000080437fd970 mode 0
Event: 77.981 Thread 0x0000023a2f9b2050 DEOPT PACKING pc=0x0000023a2013319c sp=0x00000080437fe6f0
Event: 77.981 Thread 0x0000023a2f9b2050 DEOPT UNPACKING pc=0x0000023a1f686763 sp=0x00000080437fdb80 mode 0

Classes unloaded (20 events):
Event: 150.805 Thread 0x0000023a2f016420 Unloading class 0x00000008005e2c00 'java/lang/invoke/LambdaForm$DMH+0x00000008005e2c00'
Event: 150.805 Thread 0x0000023a2f016420 Unloading class 0x00000008005e1c00 'java/lang/invoke/LambdaForm$MH+0x00000008005e1c00'
Event: 150.805 Thread 0x0000023a2f016420 Unloading class 0x00000008005e1800 'java/lang/invoke/LambdaForm$MH+0x00000008005e1800'
Event: 150.805 Thread 0x0000023a2f016420 Unloading class 0x00000008005e1400 'java/lang/invoke/LambdaForm$MH+0x00000008005e1400'
Event: 150.805 Thread 0x0000023a2f016420 Unloading class 0x00000008005e1000 'java/lang/invoke/LambdaForm$MH+0x00000008005e1000'
Event: 150.805 Thread 0x0000023a2f016420 Unloading class 0x00000008005e0c00 'java/lang/invoke/LambdaForm$MH+0x00000008005e0c00'
Event: 150.805 Thread 0x0000023a2f016420 Unloading class 0x00000008005e0800 'java/lang/invoke/LambdaForm$MH+0x00000008005e0800'
Event: 150.805 Thread 0x0000023a2f016420 Unloading class 0x00000008005de800 'jdk/internal/reflect/GeneratedConstructorAccessor26'
Event: 150.805 Thread 0x0000023a2f016420 Unloading class 0x00000008005de400 'jdk/internal/reflect/GeneratedConstructorAccessor25'
Event: 150.805 Thread 0x0000023a2f016420 Unloading class 0x00000008005de000 'jdk/internal/reflect/GeneratedConstructorAccessor24'
Event: 150.805 Thread 0x0000023a2f016420 Unloading class 0x00000008005ddc00 'jdk/internal/reflect/GeneratedConstructorAccessor23'
Event: 150.805 Thread 0x0000023a2f016420 Unloading class 0x00000008005dd800 'jdk/internal/reflect/GeneratedConstructorAccessor22'
Event: 150.805 Thread 0x0000023a2f016420 Unloading class 0x00000008005dd400 'jdk/internal/reflect/GeneratedConstructorAccessor21'
Event: 150.805 Thread 0x0000023a2f016420 Unloading class 0x00000008005dd000 'jdk/internal/reflect/GeneratedConstructorAccessor20'
Event: 150.805 Thread 0x0000023a2f016420 Unloading class 0x00000008005dcc00 'jdk/internal/reflect/GeneratedConstructorAccessor19'
Event: 150.805 Thread 0x0000023a2f016420 Unloading class 0x00000008005dc800 'jdk/internal/reflect/GeneratedConstructorAccessor18'
Event: 150.805 Thread 0x0000023a2f016420 Unloading class 0x00000008005dc400 'jdk/internal/reflect/GeneratedConstructorAccessor17'
Event: 150.805 Thread 0x0000023a2f016420 Unloading class 0x000000080059c000 'jdk/internal/reflect/GeneratedMethodAccessor28'
Event: 150.805 Thread 0x0000023a2f016420 Unloading class 0x0000000800321400 'java/lang/invoke/LambdaForm$MH+0x0000000800321400'
Event: 150.805 Thread 0x0000023a2f016420 Unloading class 0x00000008000c8000 'java/lang/invoke/LambdaForm$MH+0x00000008000c8000'

Classes redefined (0 events):
No events

Internal exceptions (20 events):
Event: 75.880 Thread 0x0000023a32e28080 Exception <a 'sun/nio/fs/WindowsException'{0x000000072958d008}> (0x000000072958d008) 
thrown [e:\jenkins\tmp\workspace\build\src\src\hotspot\share\prims\jni.cpp, line 516]
Event: 75.880 Thread 0x0000023a32e28080 Exception <a 'sun/nio/fs/WindowsException'{0x000000072958da48}> (0x000000072958da48) 
thrown [e:\jenkins\tmp\workspace\build\src\src\hotspot\share\prims\jni.cpp, line 516]
Event: 75.880 Thread 0x0000023a32e28080 Exception <a 'sun/nio/fs/WindowsException'{0x000000072958de38}> (0x000000072958de38) 
thrown [e:\jenkins\tmp\workspace\build\src\src\hotspot\share\prims\jni.cpp, line 516]
Event: 75.881 Thread 0x0000023a32e28080 Exception <a 'sun/nio/fs/WindowsException'{0x000000072958e878}> (0x000000072958e878) 
thrown [e:\jenkins\tmp\workspace\build\src\src\hotspot\share\prims\jni.cpp, line 516]
Event: 75.881 Thread 0x0000023a32e28080 Exception <a 'sun/nio/fs/WindowsException'{0x000000072958ec80}> (0x000000072958ec80) 
thrown [e:\jenkins\tmp\workspace\build\src\src\hotspot\share\prims\jni.cpp, line 516]
Event: 75.881 Thread 0x0000023a32e28080 Exception <a 'sun/nio/fs/WindowsException'{0x000000072958f6e8}> (0x000000072958f6e8) 
thrown [e:\jenkins\tmp\workspace\build\src\src\hotspot\share\prims\jni.cpp, line 516]
Event: 75.881 Thread 0x0000023a32e28080 Exception <a 'sun/nio/fs/WindowsException'{0x000000072958fb08}> (0x000000072958fb08) 
thrown [e:\jenkins\tmp\workspace\build\src\src\hotspot\share\prims\jni.cpp, line 516]
Event: 75.882 Thread 0x0000023a32e28080 Exception <a 'sun/nio/fs/WindowsException'{0x0000000729590588}> (0x0000000729590588) 
thrown [e:\jenkins\tmp\workspace\build\src\src\hotspot\share\prims\jni.cpp, line 516]
Event: 75.882 Thread 0x0000023a32e28080 Exception <a 'sun/nio/fs/WindowsException'{0x00000007295909c8}> (0x00000007295909c8) 
thrown [e:\jenkins\tmp\workspace\build\src\src\hotspot\share\prims\jni.cpp, line 516]
Event: 75.883 Thread 0x0000023a32e28080 Exception <a 'sun/nio/fs/WindowsException'{0x0000000729591430}> (0x0000000729591430) 
thrown [e:\jenkins\tmp\workspace\build\src\src\hotspot\share\prims\jni.cpp, line 516]
Event: 75.883 Thread 0x0000023a32e28080 Exception <a 'sun/nio/fs/WindowsException'{0x0000000729591868}> (0x0000000729591868) 
thrown [e:\jenkins\tmp\workspace\build\src\src\hotspot\share\prims\jni.cpp, line 516]
Event: 76.322 Thread 0x0000023a2f9b2050 Exception <a 'java/lang/NoSuchMethodError'{0x00000007294e7668}: 'void java.lang.invoke.DirectMethodHandle$Holder.invokeStatic(java.lang.Object, java.lang.Object, java.lang.Object, java.lang.Object, java.lang.Object, java.lang.Object)'> (0x00000007294e7668) 
thrown [e:\jenkins\tmp\workspace\build\src\src\hotspot\share\interpreter\linkResolver.cpp, line 766]
Event: 118.386 Thread 0x0000023a311379d0 Exception <a 'java/lang/NoSuchMethodError'{0x000000071c1610c8}: 'void java.lang.invoke.DirectMethodHandle$Holder.invokeStatic(java.lang.Object, long)'> (0x000000071c1610c8) 
thrown [e:\jenkins\tmp\workspace\build\src\src\hotspot\share\interpreter\linkResolver.cpp, line 766]
Event: 118.388 Thread 0x0000023a311379d0 Exception <a 'java/lang/NoSuchMethodError'{0x000000071c166470}: 'java.lang.Object java.lang.invoke.DirectMethodHandle$Holder.newInvokeSpecial(java.lang.Object, long)'> (0x000000071c166470) 
thrown [e:\jenkins\tmp\workspace\build\src\src\hotspot\share\interpreter\linkResolver.cpp, line 766]
Event: 118.392 Thread 0x0000023a311379d0 Exception <a 'java/lang/NoSuchMethodError'{0x000000071c16ced8}: 'java.lang.Object java.lang.invoke.DirectMethodHandle$Holder.invokeStatic(java.lang.Object, java.lang.Object, long, java.lang.Object)'> (0x000000071c16ced8) 
thrown [e:\jenkins\tmp\workspace\build\src\src\hotspot\share\interpreter\linkResolver.cpp, line 766]
Event: 118.393 Thread 0x0000023a311379d0 Exception <a 'java/lang/NoSuchMethodError'{0x000000071c170710}: 'java.lang.Object java.lang.invoke.DirectMethodHandle$Holder.invokeStaticInit(java.lang.Object, java.lang.Object, long, java.lang.Object)'> (0x000000071c170710) 
thrown [e:\jenkins\tmp\workspace\build\src\src\hotspot\share\interpreter\linkResolver.cpp, line 766]
Event: 118.395 Thread 0x0000023a311379d0 Exception <a 'java/lang/NoSuchMethodError'{0x000000071c176a40}: 'java.lang.Object java.lang.invoke.DirectMethodHandle$Holder.newInvokeSpecial(java.lang.Object, java.lang.Object, long)'> (0x000000071c176a40) 
thrown [e:\jenkins\tmp\workspace\build\src\src\hotspot\share\interpreter\linkResolver.cpp, line 766]
Event: 118.396 Thread 0x0000023a311379d0 Exception <a 'java/lang/NoSuchMethodError'{0x000000071c17a5b0}: 'java.lang.Object java.lang.invoke.Invokers$Holder.linkToTargetMethod(java.lang.Object, long, java.lang.Object)'> (0x000000071c17a5b0) 
thrown [e:\jenkins\tmp\workspace\build\src\src\hotspot\share\interpreter\linkResolver.cpp, line 766]
Event: 2479.529 Thread 0x0000023a311379d0 Exception <a 'java/io/IOException'{0x0000000708e00628}: CreateProcess error=1455, The paging file is too small for this operation to complete> (0x0000000708e00628) 
thrown [e:\jenkins\tmp\workspace\build\src\src\hotspot\share\prims\jni.cpp, line 535]
Event: 2582.326 Thread 0x0000023a311379d0 Exception <a 'java/io/IOException'{0x0000000708e00628}: CreateProcess error=1455, The paging file is too small for this operation to complete> (0x0000000708e00628) 
thrown [e:\jenkins\tmp\workspace\build\src\src\hotspot\share\prims\jni.cpp, line 535]

VM Operations (20 events):
Event: 2479.611 Executing VM operation: Cleanup done
Event: 2489.789 Executing VM operation: G1CollectFull
Event: 2489.876 Executing VM operation: G1CollectFull done
Event: 2500.045 Executing VM operation: G1CollectFull
Event: 2500.119 Executing VM operation: G1CollectFull done
Event: 2510.316 Executing VM operation: G1CollectFull
Event: 2510.387 Executing VM operation: G1CollectFull done
Event: 2520.603 Executing VM operation: G1CollectFull
Event: 2520.676 Executing VM operation: G1CollectFull done
Event: 2530.900 Executing VM operation: G1CollectFull
Event: 2530.993 Executing VM operation: G1CollectFull done
Event: 2541.194 Executing VM operation: G1CollectFull
Event: 2541.276 Executing VM operation: G1CollectFull done
Event: 2551.499 Executing VM operation: G1CollectFull
Event: 2551.587 Executing VM operation: G1CollectFull done
Event: 2561.895 Executing VM operation: G1CollectFull
Event: 2562.004 Executing VM operation: G1CollectFull done
Event: 2572.220 Executing VM operation: G1CollectFull
Event: 2572.316 Executing VM operation: G1CollectFull done
Event: 2592.607 Executing VM operation: G1CollectFull

Events (20 events):
Event: 83.402 Thread 0x0000023a3120d030 Thread exited: 0x0000023a3120d030
Event: 118.322 loading class java/lang/ProcessBuilder
Event: 118.323 loading class java/lang/ProcessBuilder done
Event: 118.323 loading class java/lang/ProcessImpl
Event: 118.324 loading class java/lang/Process
Event: 118.325 loading class java/lang/Process done
Event: 118.325 loading class java/lang/ProcessImpl done
Event: 118.389 loading class java/lang/ProcessHandleImpl
Event: 118.390 loading class java/lang/ProcessHandle
Event: 118.390 loading class java/lang/ProcessHandle done
Event: 118.390 loading class java/lang/ProcessHandleImpl done
Event: 118.397 loading class java/lang/ProcessImpl$2
Event: 118.397 loading class java/lang/ProcessImpl$2 done
Event: 118.398 loading class java/lang/Process$PipeInputStream
Event: 118.398 loading class java/lang/Process$PipeInputStream done
Event: 118.402 loading class jdk/internal/event/ProcessStartEvent
Event: 118.402 loading class jdk/internal/event/ProcessStartEvent done
Event: 119.005 loading class java/io/FileOutputStream$1
Event: 119.006 loading class java/io/FileOutputStream$1 done
Event: 138.398 Thread 0x0000023a2f9b2050 Thread exited: 0x0000023a2f9b2050


Dynamic libraries:
0x00007ff728690000 - 0x00007ff72869e000 	c:\Users\Yuvakishore Veera\.vscode\extensions\redhat.java-1.9.0-win32-x64\jre\17.0.3-win32-x86_64\bin\java.exe
0x00007fff7c8f0000 - 0x00007fff7cae8000 	C:\Windows\SYSTEM32\ntdll.dll
0x00007fff7c7f0000 - 0x00007fff7c8ad000 	C:\Windows\System32\KERNEL32.DLL
0x00007fff7a290000 - 0x00007fff7a55e000 	C:\Windows\System32\KERNELBASE.dll
0x00007fff7a060000 - 0x00007fff7a160000 	C:\Windows\System32\ucrtbase.dll
0x00007fff5a300000 - 0x00007fff5a318000 	c:\Users\Yuvakishore Veera\.vscode\extensions\redhat.java-1.9.0-win32-x64\jre\17.0.3-win32-x86_64\bin\jli.dll
0x00007fff7afd0000 - 0x00007fff7b170000 	C:\Windows\System32\USER32.dll
0x00007fff7a920000 - 0x00007fff7a942000 	C:\Windows\System32\win32u.dll
0x00007fff7c4b0000 - 0x00007fff7c4da000 	C:\Windows\System32\GDI32.dll
0x00007fff7a760000 - 0x00007fff7a86b000 	C:\Windows\System32\gdi32full.dll
0x00007fff7a560000 - 0x00007fff7a5fd000 	C:\Windows\System32\msvcp_win.dll
0x00007fff5ba80000 - 0x00007fff5ba99000 	c:\Users\Yuvakishore Veera\.vscode\extensions\redhat.java-1.9.0-win32-x64\jre\17.0.3-win32-x86_64\bin\VCRUNTIME140.dll
0x00007fff60db0000 - 0x00007fff6104a000 	C:\Windows\WinSxS\amd64_microsoft.windows.common-controls_6595b64144ccf1df_6.0.19041.1110_none_60b5254171f9507e\COMCTL32.dll
0x00007fff7bf60000 - 0x00007fff7bffe000 	C:\Windows\System32\msvcrt.dll
0x00007fff7bd90000 - 0x00007fff7bdc0000 	C:\Windows\System32\IMM32.DLL
0x00007fff68ce0000 - 0x00007fff68cec000 	c:\Users\Yuvakishore Veera\.vscode\extensions\redhat.java-1.9.0-win32-x64\jre\17.0.3-win32-x86_64\bin\vcruntime140_1.dll
0x00007fff1c6e0000 - 0x00007fff1c771000 	c:\Users\Yuvakishore Veera\.vscode\extensions\redhat.java-1.9.0-win32-x64\jre\17.0.3-win32-x86_64\bin\msvcp140.dll
0x00007ffef4700000 - 0x00007ffef5348000 	c:\Users\Yuvakishore Veera\.vscode\extensions\redhat.java-1.9.0-win32-x64\jre\17.0.3-win32-x86_64\bin\server\jvm.dll
0x00007fff7c400000 - 0x00007fff7c4ae000 	C:\Windows\System32\ADVAPI32.dll
0x00007fff7c000000 - 0x00007fff7c09c000 	C:\Windows\System32\sechost.dll
0x00007fff7aaa0000 - 0x00007fff7abc5000 	C:\Windows\System32\RPCRT4.dll
0x00007fff7afa0000 - 0x00007fff7afa8000 	C:\Windows\System32\PSAPI.DLL
0x00007fff6e9c0000 - 0x00007fff6e9c9000 	C:\Windows\SYSTEM32\WSOCK32.dll
0x00007fff7c4e0000 - 0x00007fff7c54b000 	C:\Windows\System32\WS2_32.dll
0x00007fff73e10000 - 0x00007fff73e37000 	C:\Windows\SYSTEM32\WINMM.dll
0x00007fff74350000 - 0x00007fff7435a000 	C:\Windows\SYSTEM32\VERSION.dll
0x00007fff78860000 - 0x00007fff78872000 	C:\Windows\SYSTEM32\kernel.appcore.dll
0x00007fff5a280000 - 0x00007fff5a28a000 	c:\Users\Yuvakishore Veera\.vscode\extensions\redhat.java-1.9.0-win32-x64\jre\17.0.3-win32-x86_64\bin\jimage.dll
0x00007fff77ea0000 - 0x00007fff78084000 	C:\Windows\SYSTEM32\DBGHELP.DLL
0x00007fff72340000 - 0x00007fff7236c000 	C:\Windows\SYSTEM32\dbgcore.DLL
0x00007fff7a1d0000 - 0x00007fff7a252000 	C:\Windows\System32\bcryptPrimitives.dll
0x00007fff415f0000 - 0x00007fff41615000 	c:\Users\Yuvakishore Veera\.vscode\extensions\redhat.java-1.9.0-win32-x64\jre\17.0.3-win32-x86_64\bin\java.dll
0x00007fff3d930000 - 0x00007fff3d948000 	c:\Users\Yuvakishore Veera\.vscode\extensions\redhat.java-1.9.0-win32-x64\jre\17.0.3-win32-x86_64\bin\zip.dll
0x00007fff7b1d0000 - 0x00007fff7b914000 	C:\Windows\System32\SHELL32.dll
0x00007fff780b0000 - 0x00007fff78844000 	C:\Windows\SYSTEM32\windows.storage.dll
0x00007fff7c0a0000 - 0x00007fff7c3f4000 	C:\Windows\System32\combase.dll
0x00007fff79a70000 - 0x00007fff79aa0000 	C:\Windows\SYSTEM32\Wldp.dll
0x00007fff7add0000 - 0x00007fff7ae7d000 	C:\Windows\System32\SHCORE.dll
0x00007fff7af30000 - 0x00007fff7af85000 	C:\Windows\System32\shlwapi.dll
0x00007fff79f50000 - 0x00007fff79f6f000 	C:\Windows\SYSTEM32\profapi.dll
0x00007fff5bdf0000 - 0x00007fff5be09000 	C:\Users\Yuvakishore Veera\.vscode\extensions\redhat.java-1.9.0-win32-x64\jre\17.0.3-win32-x86_64\bin\net.dll
0x00007fff754c0000 - 0x00007fff755ca000 	C:\Windows\SYSTEM32\WINHTTP.dll
0x00007fff79780000 - 0x00007fff797ea000 	C:\Windows\system32\mswsock.dll
0x00007fff59e10000 - 0x00007fff59e25000 	C:\Users\Yuvakishore Veera\.vscode\extensions\redhat.java-1.9.0-win32-x64\jre\17.0.3-win32-x86_64\bin\nio.dll
0x00007fff73c80000 - 0x00007fff73c90000 	c:\Users\Yuvakishore Veera\.vscode\extensions\redhat.java-1.9.0-win32-x64\jre\17.0.3-win32-x86_64\bin\verify.dll
0x00007fff71120000 - 0x00007fff71129000 	C:\Users\Yuvakishore Veera\.vscode\extensions\redhat.java-1.9.0-win32-x64\jre\17.0.3-win32-x86_64\bin\management.dll
0x00007fff6bb30000 - 0x00007fff6bb3b000 	C:\Users\Yuvakishore Veera\.vscode\extensions\redhat.java-1.9.0-win32-x64\jre\17.0.3-win32-x86_64\bin\management_ext.dll
0x00007fff73680000 - 0x00007fff73697000 	C:\Windows\system32\napinsp.dll
0x00007fff734e0000 - 0x00007fff734fb000 	C:\Windows\system32\pnrpnsp.dll
0x00007fff734c0000 - 0x00007fff734d5000 	C:\Windows\system32\wshbth.dll
0x00007fff753c0000 - 0x00007fff753dd000 	C:\Windows\system32\NLAapi.dll
0x00007fff79430000 - 0x00007fff7946b000 	C:\Windows\SYSTEM32\IPHLPAPI.DLL
0x00007fff79480000 - 0x00007fff7954a000 	C:\Windows\SYSTEM32\DNSAPI.dll
0x00007fff7bef0000 - 0x00007fff7bef8000 	C:\Windows\System32\NSI.dll
0x00007fff72c00000 - 0x00007fff72c12000 	C:\Windows\System32\winrnr.dll
0x00007fff73ad0000 - 0x00007fff73ada000 	C:\Windows\System32\rasadhlp.dll
0x00007fff72a50000 - 0x00007fff72ad0000 	C:\Windows\System32\fwpuclnt.dll
0x00007fff7a260000 - 0x00007fff7a287000 	C:\Windows\System32\bcrypt.dll
0x00007fff79940000 - 0x00007fff79958000 	C:\Windows\SYSTEM32\CRYPTSP.dll
0x00007fff790a0000 - 0x00007fff790d4000 	C:\Windows\system32\rsaenh.dll
0x00007fff79ed0000 - 0x00007fff79efe000 	C:\Windows\SYSTEM32\USERENV.dll
0x00007fff79960000 - 0x00007fff7996c000 	C:\Windows\SYSTEM32\CRYPTBASE.dll
0x00007fff73e80000 - 0x00007fff73e97000 	C:\Windows\SYSTEM32\dhcpcsvc6.DLL
0x00007fff73e40000 - 0x00007fff73e5d000 	C:\Windows\SYSTEM32\dhcpcsvc.DLL

dbghelp: loaded successfully - version: 4.0.5 - missing functions: none
symbol engine: initialized successfully - sym options: 0x614 - pdb path: .;c:\Users\Yuvakishore Veera\.vscode\extensions\redhat.java-1.9.0-win32-x64\jre\17.0.3-win32-x86_64\bin;C:\Windows\SYSTEM32;C:\Windows\WinSxS\amd64_microsoft.windows.common-controls_6595b64144ccf1df_6.0.19041.1110_none_60b5254171f9507e;c:\Users\Yuvakishore Veera\.vscode\extensions\redhat.java-1.9.0-win32-x64\jre\17.0.3-win32-x86_64\bin\server

VM Arguments:
jvm_args: -Dsts.lsp.client=vscode -Dsts.log.file=/dev/null -XX:TieredStopAtLevel=1 -Dspring.config.location=file:c:\Users\Yuvakishore Veera\.vscode\extensions\pivotal.vscode-spring-boot-1.38.0\language-server\BOOT-INF\classes\application.properties 
java_command: org.springframework.ide.vscode.boot.app.BootLanguageServerBootApp
java_class_path (initial): c:\Users\Yuvakishore Veera\.vscode\extensions\pivotal.vscode-spring-boot-1.38.0\language-server\BOOT-INF\classes;c:\Users\Yuvakishore Veera\.vscode\extensions\pivotal.vscode-spring-boot-1.38.0\language-server\BOOT-INF\lib\annotations-23.0.0.jar;c:\Users\Yuvakishore Veera\.vscode\extensions\pivotal.vscode-spring-boot-1.38.0\language-server\BOOT-INF\lib\antlr-runtime-3.5.2.jar;c:\Users\Yuvakishore Veera\.vscode\extensions\pivotal.vscode-spring-boot-1.38.0\language-server\BOOT-INF\lib\antlr4-4.9.3.jar;c:\Users\Yuvakishore Veera\.vscode\extensions\pivotal.vscode-spring-boot-1.38.0\language-server\BOOT-INF\lib\antlr4-runtime-4.9.3.jar;c:\Users\Yuvakishore Veera\.vscode\extensions\pivotal.vscode-spring-boot-1.38.0\language-server\BOOT-INF\lib\asm-9.3.jar;c:\Users\Yuvakishore Veera\.vscode\extensions\pivotal.vscode-spring-boot-1.38.0\language-server\BOOT-INF\lib\asm-analysis-9.3.jar;c:\Users\Yuvakishore Veera\.vscode\extensions\pivotal.vscode-spring-boot-1.38.0\language-server\BOOT-INF\lib\asm-tree-9.3.jar;c:\Users\Yuvakishore Veera\.vscode\extensions\pivotal.vscode-spring-boot-1.38.0\language-server\BOOT-INF\lib\asm-util-9.3.jar;c:\Users\Yuvakishore Veera\.vscode\extensions\pivotal.vscode-spring-boot-1.38.0\language-server\BOOT-INF\lib\byte-buddy-1.10.18.jar;c:\Users\Yuvakishore Veera\.vscode\extensions\pivotal.vscode-spring-boot-1.38.0\language-server\BOOT-INF\lib\caffeine-2.8.6.jar;c:\Users\Yuvakishore Veera\.vscode\extensions\pivotal.vscode-spring-boot-1.38.0\language-server\BOOT-INF\lib\checker-qual-3.12.0.jar;c:\Users\Yuvakishore Veera\.vscode\extensions\pivotal.vscode-spring-boot-1.38.0\language-server\BOOT-INF\lib\classgraph-4.8.149.jar;c:\Users\Yuvakishore Veera\.vscode\extensions\pivotal.vscode-spring-boot-1.38.0\language-server\BOOT-INF\lib\commons-codec-1.14.jar;c:\Users\Yuvakishore Veera\.vscode\extensions\pivotal.vscode-spring-boot-1.38.0\language-server\BOOT-INF\lib\commons-compress-1.21.jar;c:\Users\Yuvakishore Veera\.vscode\ext
Launcher Type: SUN_STANDARD

[Global flags]
     intx CICompilerCount                          = 4                                         {product} {ergonomic}
     uint ConcGCThreads                            = 2                                         {product} {ergonomic}
     uint G1ConcRefinementThreads                  = 8                                         {product} {ergonomic}
   size_t G1HeapRegionSize                         = 2097152                                   {product} {ergonomic}
    uintx GCDrainStackTargetSize                   = 64                                        {product} {ergonomic}
   size_t InitialHeapSize                          = 264241152                                 {product} {ergonomic}
   size_t MarkStackSize                            = 4194304                                   {product} {ergonomic}
   size_t MaxHeapSize                              = 4227858432                                {product} {ergonomic}
   size_t MaxNewSize                               = 2535456768                                {product} {ergonomic}
   size_t MinHeapDeltaBytes                        = 2097152                                   {product} {ergonomic}
   size_t MinHeapSize                              = 8388608                                   {product} {ergonomic}
    uintx NonProfiledCodeHeapSize                  = 0                                      {pd product} {ergonomic}
     bool ProfileInterpreter                       = false                                  {pd product} {command line}
    uintx ProfiledCodeHeapSize                     = 0                                      {pd product} {ergonomic}
   size_t SoftMaxHeapSize                          = 4227858432                             {manageable} {ergonomic}
     intx TieredStopAtLevel                        = 1                                         {product} {command line}
     bool UseCompressedClassPointers               = true                           {product lp64_product} {ergonomic}
     bool UseCompressedOops                        = true                           {product lp64_product} {ergonomic}
     bool UseG1GC                                  = true                                      {product} {ergonomic}
     bool UseLargePagesIndividualAllocation        = false                                  {pd product} {ergonomic}

Logging:
Log output configuration:
 #0: stdout all=warning uptime,level,tags
 #1: stderr all=off uptime,level,tags

Environment Variables:
PATH=C:\Program Files\Common Files\Oracle\Java\javapath;C:\Python310\Scripts\;C:\Python310\;C:\Program Files (x86)\Common Files\Oracle\Java\javapath;C:\Python39\Scripts\;C:\Python39\;C:\Flutter\flutter\bin;C:\Windows\system32;C:\Windows;C:\Windows\System32\Wbem;C:\Windows\System32\WindowsPowerShell\v1.0\;C:\Windows\System32\OpenSSH\;C:\Program Files\NVIDIA Corporation\NVIDIA NvDLISR;C:\ProgramData\chocolatey\bin;C:\Program Files\Java\jre1.8.0_301\bin;C:\Program Files\Java\jdk1.8.0_301\bin;C:\Program Files\nodejs\;C:\Program Files\Amazon\AWSCLIV2\;C:\Program Files\nodejs\node_modules\npm\bin;C:\Program Files\Git\cmd;C:\Program Files\PuTTY\;C:\Program Files (x86)\NVIDIA Corporation\PhysX\Common;C:\Program Files\dotnet\;C:\Users\Yuvakishore Veera\AppData\Local\Microsoft\WindowsApps;;C:\Users\Yuvakishore Veera\AppData\Local\Programs\Microsoft VS Code\bin;C:\Program Files\JetBrains\PyCharm Community Edition 2021.3.3\bin;;C:\Program Files\JetBrains\IntelliJ IDEA Community Edition 2022.1.3\bin;;C:\Users\Yuvakishore Veera\AppData\Roaming\npm
USERNAME=Yuvakishore Veera
OS=Windows_NT
PROCESSOR_IDENTIFIER=Intel64 Family 6 Model 140 Stepping 1, GenuineIntel



---------------  S Y S T E M  ---------------

OS:
 Windows 10 , 64 bit Build 19041 (10.0.19041.1889)
OS uptime: 2 days 10:47 hours
Hyper-V role detected

CPU: total 8 (initial active 8) (4 cores per cpu, 2 threads per core) family 6 model 140 stepping 1 microcode 0xa4, cx8, cmov, fxsr, ht, mmx, 3dnowpref, sse, sse2, sse3, ssse3, sse4.1, sse4.2, popcnt, lzcnt, tsc, tscinvbit, avx, avx2, aes, erms, clmul, bmi1, bmi2, adx, avx512f, avx512dq, avx512cd, avx512bw, avx512vl, sha, fma, vzeroupper, avx512_vpopcntdq, avx512_vpclmulqdq, avx512_vaes, avx512_vnni, clflush, clflushopt, clwb, avx512_vbmi2, avx512_vbmi, hv

Memory: 4k page, system-wide physical 16122M (1034M free)
TotalPageFile size 55795M (AvailPageFile size 0M)
current process WorkingSet (physical memory assigned to process): 56M, peak: 780M
current process commit charge ("private bytes"): 224M, peak: 807M

vm_info: OpenJDK 64-Bit Server VM (17.0.3+7) for windows-amd64 JRE (17.0.3+7), built on Apr 19 2022 16:55:35 by "" with MS VC++ 16.7 (VS2019)

END.
